<?xml version="1.0" encoding="UTF-8"?>
<!-- Generated by org.testng.reporters.JUnitReportReporter -->
<testsuite hostname="MyHome" failures="0" tests="69" name="runner.testRunner" time="391.421" errors="0" timestamp="2023-05-15T16:49:37 CDT" skipped="0">
  <testcase classname="runner.testRunner" name="runScenario" time="1.779"/>
  <system-out/>
  <testcase classname="runner.testRunner" name="runScenario" time="9.121"/>
  <system-out/>
  <testcase classname="runner.testRunner" name="runScenario" time="3.164"/>
  <system-out/>
  <testcase classname="runner.testRunner" name="runScenario" time="6.576"/>
  <system-out/>
  <testcase classname="runner.testRunner" name="runScenario" time="3.966"/>
  <system-out/>
  <testcase classname="runner.testRunner" name="runScenario" time="3.732"/>
  <system-out/>
  <testcase classname="runner.testRunner" name="runScenario" time="6.681"/>
  <system-out/>
  <testcase classname="runner.testRunner" name="runScenario" time="9.110"/>
  <system-out/>
  <testcase classname="runner.testRunner" name="runScenario" time="9.208"/>
  <system-out/>
  <testcase classname="runner.testRunner" name="runScenario" time="7.167"/>
  <system-out/>
  <testcase classname="runner.testRunner" name="runScenario" time="4.663"/>
  <system-out/>
  <testcase classname="runner.testRunner" name="runScenario" time="3.593"/>
  <system-out/>
  <testcase classname="runner.testRunner" name="runScenario" time="11.025"/>
  <system-out/>
  <testcase classname="runner.testRunner" name="runScenario" time="3.216"/>
  <system-out/>
  <testcase classname="runner.testRunner" name="runScenario" time="6.620"/>
  <system-out/>
  <testcase classname="runner.testRunner" name="runScenario" time="8.609"/>
  <system-out/>
  <testcase classname="runner.testRunner" name="runScenario" time="8.883"/>
  <system-out/>
  <testcase classname="runner.testRunner" name="runScenario" time="4.175"/>
  <system-out/>
  <testcase classname="runner.testRunner" name="runScenario" time="8.307"/>
  <system-out/>
  <testcase classname="runner.testRunner" name="runScenario" time="6.507"/>
  <system-out/>
  <testcase classname="runner.testRunner" name="runScenario" time="1.866"/>
  <system-out/>
  <testcase classname="runner.testRunner" name="runScenario" time="4.927"/>
  <system-out/>
  <testcase classname="runner.testRunner" name="runScenario" time="5.643"/>
  <system-out/>
  <testcase classname="runner.testRunner" name="runScenario" time="3.735"/>
  <system-out/>
  <testcase classname="runner.testRunner" name="runScenario" time="6.532"/>
  <system-out/>
  <testcase classname="runner.testRunner" name="runScenario" time="7.002"/>
  <system-out/>
  <testcase classname="runner.testRunner" name="runScenario" time="5.659"/>
  <system-out/>
  <testcase classname="runner.testRunner" name="runScenario" time="6.750"/>
  <system-out/>
  <testcase classname="runner.testRunner" name="runScenario" time="3.518"/>
  <system-out/>
  <testcase classname="runner.testRunner" name="runScenario" time="9.198"/>
  <system-out/>
  <testcase classname="runner.testRunner" name="runScenario" time="0.366"/>
  <system-out/>
  <testcase classname="runner.testRunner" name="runScenario" time="6.852"/>
  <system-out/>
  <testcase classname="runner.testRunner" name="runScenario" time="10.635"/>
  <system-out/>
  <testcase classname="runner.testRunner" name="runScenario" time="7.047"/>
  <system-out/>
  <testcase classname="runner.testRunner" name="runScenario" time="4.795"/>
  <system-out/>
  <testcase classname="runner.testRunner" name="runScenario" time="1.976"/>
  <system-out/>
  <testcase classname="runner.testRunner" name="runScenario" time="7.465"/>
  <system-out/>
  <testcase classname="runner.testRunner" name="runScenario" time="0.471"/>
  <system-out/>
  <testcase classname="runner.testRunner" name="runScenario" time="4.988"/>
  <system-out/>
  <testcase classname="runner.testRunner" name="runScenario" time="7.038"/>
  <system-out/>
  <testcase classname="runner.testRunner" name="runScenario" time="2.576"/>
  <system-out/>
  <testcase classname="runner.testRunner" name="runScenario" time="8.363"/>
  <system-out/>
  <testcase classname="runner.testRunner" name="runScenario" time="3.145"/>
  <system-out/>
  <testcase classname="runner.testRunner" name="runScenario" time="4.106"/>
  <system-out/>
  <testcase classname="runner.testRunner" name="runScenario" time="9.219"/>
  <system-out/>
  <testcase classname="runner.testRunner" name="runScenario" time="0.231"/>
  <system-out/>
  <testcase classname="runner.testRunner" name="runScenario" time="8.354"/>
  <system-out/>
  <testcase classname="runner.testRunner" name="runScenario" time="0.379"/>
  <system-out/>
  <testcase classname="runner.testRunner" name="runScenario" time="7.108"/>
  <system-out/>
  <testcase classname="runner.testRunner" name="runScenario" time="6.434"/>
  <system-out/>
  <testcase classname="runner.testRunner" name="runScenario" time="5.716"/>
  <system-out/>
  <testcase classname="runner.testRunner" name="runScenario" time="6.773"/>
  <system-out/>
  <testcase classname="runner.testRunner" name="runScenario" time="0.217"/>
  <system-out/>
  <testcase classname="runner.testRunner" name="runScenario" time="6.534"/>
  <system-out/>
  <testcase classname="runner.testRunner" name="runScenario" time="7.938"/>
  <system-out/>
  <testcase classname="runner.testRunner" name="runScenario" time="0.434"/>
  <system-out/>
  <testcase classname="runner.testRunner" name="runScenario" time="8.310"/>
  <system-out/>
  <testcase classname="runner.testRunner" name="runScenario" time="7.966"/>
  <system-out/>
  <testcase classname="runner.testRunner" name="runScenario" time="0.526"/>
  <system-out/>
  <testcase classname="runner.testRunner" name="runScenario" time="2.408"/>
  <system-out/>
  <testcase classname="runner.testRunner" name="runScenario" time="5.763"/>
  <system-out/>
  <testcase classname="runner.testRunner" name="runScenario" time="4.801"/>
  <system-out/>
  <testcase classname="runner.testRunner" name="runScenario" time="2.552"/>
  <system-out/>
  <testcase classname="runner.testRunner" name="runScenario" time="6.845"/>
  <system-out/>
  <testcase classname="runner.testRunner" name="runScenario" time="13.126"/>
  <system-out/>
  <testcase classname="runner.testRunner" name="runScenario" time="8.955"/>
  <system-out/>
  <testcase classname="runner.testRunner" name="runScenario" time="6.605"/>
  <system-out/>
  <testcase classname="runner.testRunner" name="runScenario" time="6.924"/>
  <system-out/>
  <testcase classname="runner.testRunner" name="runScenario" time="6.548"/>
  <system-out/>
</testsuite> <!-- runner.testRunner -->
